<?xml version="1.0" encoding="UTF-8"?>
<coverage generated="1521697555079" clover="3.2.0">
  <project timestamp="1521697555079" name="All files">
    <metrics statements="8" coveredstatements="5" conditionals="2" coveredconditionals="0" methods="2" coveredmethods="1" elements="12" coveredelements="6" complexity="0" loc="8" ncloc="8" packages="1" files="1" classes="1">
      <file name="utils.ts" path="/home/farm/Documents/ytlofi/src/utils.ts">
        <metrics statements="8" coveredstatements="5" conditionals="2" coveredconditionals="0" methods="2" coveredmethods="1"/>
        <line num="3" count="1" type="stmt"/>
        <line num="4" count="1" type="stmt"/>
        <line num="6" count="1" type="stmt"/>
        <line num="7" count="1" type="stmt"/>
        <line num="9" count="1" type="stmt"/>
        <line num="10" count="0" type="cond" truecount="0" falsecount="2"/>
        <line num="11" count="0" type="stmt"/>
        <line num="13" count="0" type="stmt"/>
      </file>
    </metrics>
  </project>
</coverage>
